Started GET "/" for ::1 at 2023-11-16 08:42:27 -0300
Processing by Rails::WelcomeController#index as HTML
  Rendering /Users/nicolasenne/.rbenv/versions/3.1.2/lib/ruby/gems/3.1.0/gems/railties-7.0.8/lib/rails/templates/rails/welcome/index.html.erb
  Rendered /Users/nicolasenne/.rbenv/versions/3.1.2/lib/ruby/gems/3.1.0/gems/railties-7.0.8/lib/rails/templates/rails/welcome/index.html.erb (Duration: 1.2ms | Allocations: 636)
Completed 200 OK in 38ms (Views: 3.9ms | ActiveRecord: 0.0ms | Allocations: 7094)


Started GET "/" for ::1 at 2023-11-16 09:06:31 -0300
Processing by PagesController#home as HTML
  Rendering layout layouts/application.html.erb
  Rendering pages/home.html.erb within layouts/application
  Rendered pages/home.html.erb within layouts/application (Duration: 0.5ms | Allocations: 335)
  Rendered layout layouts/application.html.erb (Duration: 160.0ms | Allocations: 91959)
Completed 200 OK in 166ms (Views: 161.8ms | ActiveRecord: 0.0ms | Allocations: 96091)


Started GET "/" for ::1 at 2023-11-16 09:06:34 -0300
Processing by PagesController#home as HTML
  Rendering layout layouts/application.html.erb
  Rendering pages/home.html.erb within layouts/application
  Rendered pages/home.html.erb within layouts/application (Duration: 0.1ms | Allocations: 9)
  Rendered layout layouts/application.html.erb (Duration: 4.1ms | Allocations: 2530)
Completed 200 OK in 6ms (Views: 4.8ms | ActiveRecord: 0.0ms | Allocations: 2845)


Started GET "/" for ::1 at 2023-11-16 09:37:19 -0300
Processing by PagesController#home as HTML
  Rendering layout layouts/application.html.erb
  Rendering pages/home.html.erb within layouts/application
  Rendered pages/home.html.erb within layouts/application (Duration: 0.4ms | Allocations: 335)
  Rendered layout layouts/application.html.erb (Duration: 97.7ms | Allocations: 41378)
Completed 200 OK in 103ms (Views: 99.0ms | ActiveRecord: 0.0ms | Allocations: 45509)


Started GET "/" for ::1 at 2023-11-16 09:37:31 -0300
Processing by PagesController#home as HTML
  Rendering layout layouts/application.html.erb
  Rendering pages/home.html.erb within layouts/application
  Rendered pages/home.html.erb within layouts/application (Duration: 0.4ms | Allocations: 124)
  Rendered layout layouts/application.html.erb (Duration: 6.4ms | Allocations: 2974)
Completed 200 OK in 10ms (Views: 8.8ms | ActiveRecord: 0.0ms | Allocations: 3933)


Started GET "/" for ::1 at 2023-11-16 09:37:47 -0300
Processing by PagesController#home as HTML
  Rendering layout layouts/application.html.erb
  Rendering pages/home.html.erb within layouts/application
  Rendered pages/home.html.erb within layouts/application (Duration: 0.7ms | Allocations: 123)
  Rendered layout layouts/application.html.erb (Duration: 21.6ms | Allocations: 4789)
Completed 200 OK in 24ms (Views: 23.4ms | ActiveRecord: 0.0ms | Allocations: 5720)


Started GET "/" for ::1 at 2023-11-16 09:38:21 -0300
Processing by PagesController#home as HTML
  Rendering layout layouts/application.html.erb
  Rendering pages/home.html.erb within layouts/application
  Rendered pages/home.html.erb within layouts/application (Duration: 0.1ms | Allocations: 7)
  Rendered layout layouts/application.html.erb (Duration: 16.3ms | Allocations: 3941)
Completed 200 OK in 18ms (Views: 16.9ms | ActiveRecord: 0.0ms | Allocations: 4219)


Started GET "/" for ::1 at 2023-11-16 09:41:02 -0300
Processing by PagesController#home as HTML
  Rendering layout layouts/application.html.erb
  Rendering pages/home.html.erb within layouts/application
  Rendered pages/home.html.erb within layouts/application (Duration: 0.1ms | Allocations: 7)
  Rendered layout layouts/application.html.erb (Duration: 18.6ms | Allocations: 3979)
Completed 200 OK in 21ms (Views: 19.9ms | ActiveRecord: 0.0ms | Allocations: 4238)


Started GET "/" for ::1 at 2023-11-16 09:41:12 -0300
Processing by PagesController#home as HTML
  Rendering layout layouts/application.html.erb
  Rendering pages/home.html.erb within layouts/application
  Rendered pages/home.html.erb within layouts/application (Duration: 0.0ms | Allocations: 7)
  Rendered layout layouts/application.html.erb (Duration: 14.5ms | Allocations: 3978)
Completed 200 OK in 16ms (Views: 15.4ms | ActiveRecord: 0.0ms | Allocations: 4240)


Started GET "/" for ::1 at 2023-11-16 09:42:10 -0300
Processing by PagesController#home as HTML
  Rendering layout layouts/application.html.erb
  Rendering pages/home.html.erb within layouts/application
  Rendered pages/home.html.erb within layouts/application (Duration: 0.1ms | Allocations: 7)
  Rendered layout layouts/application.html.erb (Duration: 15.7ms | Allocations: 3964)
Completed 200 OK in 17ms (Views: 16.3ms | ActiveRecord: 0.0ms | Allocations: 4223)


Started GET "/" for ::1 at 2023-11-16 09:42:51 -0300
Processing by PagesController#home as HTML
  Rendering layout layouts/application.html.erb
  Rendering pages/home.html.erb within layouts/application
  Rendered pages/home.html.erb within layouts/application (Duration: 0.1ms | Allocations: 7)
  Rendered layout layouts/application.html.erb (Duration: 14.2ms | Allocations: 3956)
Completed 200 OK in 17ms (Views: 15.3ms | ActiveRecord: 0.0ms | Allocations: 4215)


Started GET "/" for ::1 at 2023-11-16 09:57:50 -0300
Processing by PagesController#home as HTML
  Rendering layout layouts/application.html.erb
  Rendering pages/home.html.erb within layouts/application
  Rendered pages/home.html.erb within layouts/application (Duration: 0.4ms | Allocations: 335)
  Rendered layout layouts/application.html.erb (Duration: 3080.3ms | Allocations: 136259)
Completed 200 OK in 3087ms (Views: 3081.7ms | ActiveRecord: 0.0ms | Allocations: 140389)


Started GET "/" for ::1 at 2023-11-16 10:00:25 -0300
Processing by PagesController#home as HTML
  Rendering layout layouts/application.html.erb
  Rendering pages/home.html.erb within layouts/application
  Rendered pages/home.html.erb within layouts/application (Duration: 0.5ms | Allocations: 335)
  Rendered layout layouts/application.html.erb (Duration: 71.9ms | Allocations: 59323)
Completed 200 OK in 78ms (Views: 74.2ms | ActiveRecord: 0.0ms | Allocations: 63453)


Started GET "/" for ::1 at 2023-11-16 10:00:51 -0300
Processing by PagesController#home as HTML
  Rendering layout layouts/application.html.erb
  Rendering pages/home.html.erb within layouts/application
  Rendered pages/home.html.erb within layouts/application (Duration: 1.2ms | Allocations: 146)
  Rendered layout layouts/application.html.erb (Duration: 13.4ms | Allocations: 6398)
Completed 200 OK in 20ms (Views: 17.8ms | ActiveRecord: 0.0ms | Allocations: 7357)


Started GET "/" for ::1 at 2023-11-16 10:01:57 -0300
Processing by PagesController#home as HTML
  Rendering layout layouts/application.html.erb
  Rendering pages/home.html.erb within layouts/application
  Rendered pages/home.html.erb within layouts/application (Duration: 0.4ms | Allocations: 358)
  Rendered layout layouts/application.html.erb (Duration: 3838.8ms | Allocations: 193704)
Completed 200 OK in 3845ms (Views: 3840.3ms | ActiveRecord: 0.0ms | Allocations: 197833)


Started GET "/" for ::1 at 2023-11-16 10:03:09 -0300
Processing by PagesController#home as HTML
  Rendering layout layouts/application.html.erb
  Rendering pages/home.html.erb within layouts/application
  Rendered pages/home.html.erb within layouts/application (Duration: 0.4ms | Allocations: 378)
  Rendered layout layouts/application.html.erb (Duration: 84.5ms | Allocations: 60681)
Completed 200 OK in 91ms (Views: 86.1ms | ActiveRecord: 0.0ms | Allocations: 64956)


Started GET "/" for ::1 at 2023-11-16 10:19:02 -0300
Processing by PagesController#home as HTML
  Rendering layout layouts/application.html.erb
  Rendering pages/home.html.erb within layouts/application
  Rendered pages/home.html.erb within layouts/application (Duration: 0.5ms | Allocations: 383)
  Rendered layout layouts/application.html.erb (Duration: 3620.0ms | Allocations: 141753)
Completed 200 OK in 3626ms (Views: 3621.7ms | ActiveRecord: 0.0ms | Allocations: 145909)


Started GET "/" for ::1 at 2023-11-16 10:22:44 -0300
Processing by PagesController#home as HTML
  Rendering layout layouts/application.html.erb
  Rendering pages/home.html.erb within layouts/application
  Rendered pages/home.html.erb within layouts/application (Duration: 58.8ms | Allocations: 59287)
  Rendered layout layouts/application.html.erb (Duration: 70.5ms | Allocations: 80131)
Completed 200 OK in 75ms (Views: 71.8ms | ActiveRecord: 0.0ms | Allocations: 84286)


Started GET "/" for ::1 at 2023-11-16 10:24:56 -0300
Processing by PagesController#home as HTML
  Rendering layout layouts/application.html.erb
  Rendering pages/home.html.erb within layouts/application
  Rendered pages/home.html.erb within layouts/application (Duration: 3.2ms | Allocations: 946)
  Rendered layout layouts/application.html.erb (Duration: 14.6ms | Allocations: 10038)
Completed 200 OK in 21ms (Views: 18.4ms | ActiveRecord: 0.0ms | Allocations: 10997)


Started GET "/" for ::1 at 2023-11-16 10:24:58 -0300
Processing by PagesController#home as HTML
  Rendering layout layouts/application.html.erb
  Rendering pages/home.html.erb within layouts/application
  Rendered pages/home.html.erb within layouts/application (Duration: 1.0ms | Allocations: 602)
  Rendered layout layouts/application.html.erb (Duration: 16.9ms | Allocations: 9380)
Completed 200 OK in 18ms (Views: 17.3ms | ActiveRecord: 0.0ms | Allocations: 9661)


Started GET "/" for ::1 at 2023-11-16 10:25:12 -0300
Processing by PagesController#home as HTML
  Rendering layout layouts/application.html.erb
  Rendering pages/home.html.erb within layouts/application
  Rendered pages/home.html.erb within layouts/application (Duration: 2.6ms | Allocations: 604)
  Rendered layout layouts/application.html.erb (Duration: 17.4ms | Allocations: 9370)
Completed 200 OK in 18ms (Views: 17.9ms | ActiveRecord: 0.0ms | Allocations: 9631)


Started GET "/" for ::1 at 2023-11-16 10:25:39 -0300
Processing by PagesController#home as HTML
  Rendering layout layouts/application.html.erb
  Rendering pages/home.html.erb within layouts/application
  Rendered pages/home.html.erb within layouts/application (Duration: 2.2ms | Allocations: 605)
  Rendered layout layouts/application.html.erb (Duration: 3581.6ms | Allocations: 77979)
Completed 200 OK in 3583ms (Views: 3582.5ms | ActiveRecord: 0.0ms | Allocations: 78242)


Started GET "/" for ::1 at 2023-11-16 10:25:51 -0300
Processing by PagesController#home as HTML
  Rendering layout layouts/application.html.erb
  Rendering pages/home.html.erb within layouts/application
  Rendered pages/home.html.erb within layouts/application (Duration: 1.7ms | Allocations: 602)
  Rendered layout layouts/application.html.erb (Duration: 3259.8ms | Allocations: 79509)
Completed 200 OK in 3261ms (Views: 3260.4ms | ActiveRecord: 0.0ms | Allocations: 79772)


Started GET "/" for ::1 at 2023-11-16 10:25:59 -0300
Processing by PagesController#home as HTML
  Rendering layout layouts/application.html.erb
  Rendering pages/home.html.erb within layouts/application
  Rendered pages/home.html.erb within layouts/application (Duration: 2.0ms | Allocations: 602)
  Rendered layout layouts/application.html.erb (Duration: 3315.0ms | Allocations: 81773)
Completed 200 OK in 3317ms (Views: 3315.8ms | ActiveRecord: 0.0ms | Allocations: 82032)


Started GET "/" for ::1 at 2023-11-16 10:26:07 -0300
Processing by PagesController#home as HTML
  Rendering layout layouts/application.html.erb
  Rendering pages/home.html.erb within layouts/application
  Rendered pages/home.html.erb within layouts/application (Duration: 2.3ms | Allocations: 602)
  Rendered layout layouts/application.html.erb (Duration: 3575.3ms | Allocations: 81774)
Completed 200 OK in 3577ms (Views: 3576.0ms | ActiveRecord: 0.0ms | Allocations: 82034)


